[0427/105709.524:ERROR:process_info.cc(625)] range at 0xfffde000, size 0x230 fully unreadable
[0427/105709.532:ERROR:process_info.cc(625)] range at 0xfffdd000, size 0xf84 fully unreadable
[0427/105709.532:ERROR:process_info.cc(625)] range at 0xfffda000, size 0xf84 fully unreadable
[0427/105709.532:ERROR:process_info.cc(625)] range at 0xfffd7000, size 0xf84 fully unreadable
[0427/105709.532:ERROR:process_info.cc(625)] range at 0xfffaf000, size 0xf84 fully unreadable
[0427/105709.533:ERROR:process_info.cc(625)] range at 0xfffac000, size 0xf84 fully unreadable
[0427/105709.533:ERROR:process_info.cc(625)] range at 0xfffa6000, size 0xf84 fully unreadable
[0427/105709.533:ERROR:process_info.cc(625)] range at 0xfffa3000, size 0xf84 fully unreadable
[0427/105709.533:ERROR:process_info.cc(625)] range at 0xfffa9000, size 0xf84 fully unreadable
[0427/105709.533:ERROR:process_info.cc(625)] range at 0xfffa0000, size 0xf84 fully unreadable
[0427/105709.533:ERROR:process_info.cc(625)] range at 0xfff9d000, size 0xf84 fully unreadable
[0427/105709.533:ERROR:process_info.cc(625)] range at 0xfff9a000, size 0xf84 fully unreadable
[0427/105709.533:ERROR:process_info.cc(625)] range at 0xfff97000, size 0xf84 fully unreadable
[0427/105709.533:ERROR:process_info.cc(625)] range at 0xfff94000, size 0xf84 fully unreadable
[0427/105709.533:ERROR:process_info.cc(625)] range at 0xfff91000, size 0xf84 fully unreadable
[0427/105709.533:ERROR:process_info.cc(625)] range at 0xfff8e000, size 0xf84 fully unreadable
[0427/105709.533:ERROR:process_info.cc(625)] range at 0xfff8b000, size 0xf84 fully unreadable
[0427/105709.533:ERROR:process_info.cc(625)] range at 0xfff88000, size 0xf84 fully unreadable
[0427/105709.533:ERROR:process_info.cc(625)] range at 0xfff85000, size 0xf84 fully unreadable
[0427/105709.533:ERROR:process_info.cc(625)] range at 0xfff82000, size 0xf84 fully unreadable
[0427/105709.533:ERROR:process_info.cc(625)] range at 0xfff7f000, size 0xf84 fully unreadable
[0427/105709.533:ERROR:process_info.cc(625)] range at 0xfff7c000, size 0xf84 fully unreadable
[0427/105709.533:ERROR:process_info.cc(625)] range at 0xfff79000, size 0xf84 fully unreadable
[0427/105709.533:ERROR:process_info.cc(625)] range at 0xfff76000, size 0xf84 fully unreadable
[0427/105709.533:ERROR:process_info.cc(625)] range at 0xfff73000, size 0xf84 fully unreadable
[0427/105709.533:ERROR:process_info.cc(625)] range at 0xfff70000, size 0xf84 fully unreadable
[0427/105709.533:ERROR:process_info.cc(625)] range at 0xfff6d000, size 0xf84 fully unreadable
[0427/105709.533:ERROR:process_info.cc(625)] range at 0xfff6a000, size 0xf84 fully unreadable
[0427/105709.533:ERROR:process_info.cc(625)] range at 0xfff67000, size 0xf84 fully unreadable
[0427/105709.533:ERROR:process_info.cc(625)] range at 0xfff64000, size 0xf84 fully unreadable
[0427/105709.533:ERROR:process_info.cc(625)] range at 0xfff61000, size 0xf84 fully unreadable
[0427/105709.533:ERROR:process_info.cc(625)] range at 0xfff5b000, size 0xf84 fully unreadable
[0427/105709.533:ERROR:process_info.cc(625)] range at 0xfff58000, size 0xf84 fully unreadable
[0427/105709.533:ERROR:process_info.cc(625)] range at 0xfff5e000, size 0xf84 fully unreadable
[0427/105709.533:ERROR:process_info.cc(625)] range at 0xfff55000, size 0xf84 fully unreadable
[0427/105709.533:ERROR:process_info.cc(625)] range at 0xfff52000, size 0xf84 fully unreadable
[0427/105709.533:ERROR:process_info.cc(625)] range at 0xfff4f000, size 0xf84 fully unreadable
[0427/105709.534:ERROR:process_info.cc(625)] range at 0xfff4c000, size 0xf84 fully unreadable
[0427/105709.534:ERROR:process_info.cc(625)] range at 0xfff49000, size 0xf84 fully unreadable
[0427/105709.534:ERROR:process_info.cc(625)] range at 0xfff46000, size 0xf84 fully unreadable
[0427/180929.807:ERROR:prune_crash_reports.cc(35)] PruneCrashReportDatabase: Failed to get pending reports
[0428/082833.275:ERROR:process_reader_win.cc(142)] SuspendThread: Access is denied. (0x5)
[0428/082833.287:ERROR:process_reader_win.cc(114)] NtOpenThread: {Access Denied} A process has requested access to an object, but has not been granted those access rights.  (0xc0000022)
[0428/082833.297:ERROR:exception_snapshot_win.cc(87)] thread ID 5948 not found in process
[0428/082833.297:WARNING:crash_report_exception_handler.cc(60)] ProcessSnapshotWin::Initialize failed
[0428/110250.679:ERROR:process_info.cc(625)] range at 0xfffde000, size 0x230 fully unreadable
[0428/110250.689:ERROR:process_info.cc(625)] range at 0xfffdd000, size 0xf84 fully unreadable
[0428/110250.689:ERROR:process_info.cc(625)] range at 0xfffda000, size 0xf84 fully unreadable
[0428/110250.689:ERROR:process_info.cc(625)] range at 0xfffd7000, size 0xf84 fully unreadable
[0428/110250.689:ERROR:process_info.cc(625)] range at 0xfffaf000, size 0xf84 fully unreadable
[0428/110250.689:ERROR:process_info.cc(625)] range at 0xfffa9000, size 0xf84 fully unreadable
[0428/110250.689:ERROR:process_info.cc(625)] range at 0xfffa6000, size 0xf84 fully unreadable
[0428/110250.689:ERROR:process_info.cc(625)] range at 0xfffa3000, size 0xf84 fully unreadable
[0428/110250.690:ERROR:process_info.cc(625)] range at 0xfffa0000, size 0xf84 fully unreadable
[0428/110250.690:ERROR:process_info.cc(625)] range at 0xfff9d000, size 0xf84 fully unreadable
[0428/110250.690:ERROR:process_info.cc(625)] range at 0xfff9a000, size 0xf84 fully unreadable
[0428/110250.690:ERROR:process_info.cc(625)] range at 0xfff97000, size 0xf84 fully unreadable
[0428/110250.690:ERROR:process_info.cc(625)] range at 0xfff94000, size 0xf84 fully unreadable
[0428/110250.690:ERROR:process_info.cc(625)] range at 0xfff91000, size 0xf84 fully unreadable
[0428/110250.690:ERROR:process_info.cc(625)] range at 0xfff8e000, size 0xf84 fully unreadable
[0428/110250.690:ERROR:process_info.cc(625)] range at 0xfff8b000, size 0xf84 fully unreadable
[0428/110250.690:ERROR:process_info.cc(625)] range at 0xfff88000, size 0xf84 fully unreadable
[0428/110250.724:ERROR:process_reader_win.cc(233)] ReadMemory at 0xe50000 of 64 bytes failed: Only part of a ReadProcessMemory or WriteProcessMemory request was completed. (0x12B)
[0428/110250.724:WARNING:pe_image_reader.cc(281)] could not read dos header from C:\Program Files (x86)\Google\Chrome\Application\chrome.exe
[0428/110250.724:ERROR:process_reader_win.cc(233)] ReadMemory at 0x774b0000 of 64 bytes failed: Only part of a ReadProcessMemory or WriteProcessMemory request was completed. (0x12B)
[0428/110250.724:WARNING:pe_image_reader.cc(281)] could not read dos header from C:\WINDOWS\SysWOW64\ntdll.dll
[0428/110250.724:ERROR:process_reader_win.cc(233)] ReadMemory at 0x76f00000 of 64 bytes failed: Only part of a ReadProcessMemory or WriteProcessMemory request was completed. (0x12B)
[0428/110250.724:WARNING:pe_image_reader.cc(281)] could not read dos header from C:\WINDOWS\syswow64\KERNELBASE.dll
[0428/110250.724:ERROR:process_reader_win.cc(233)] ReadMemory at 0x75490000 of 64 bytes failed: Only part of a ReadProcessMemory or WriteProcessMemory request was completed. (0x12B)
[0428/110250.724:WARNING:pe_image_reader.cc(281)] could not read dos header from C:\WINDOWS\syswow64\kernel32.dll
[0428/110250.724:ERROR:process_reader_win.cc(233)] ReadMemory at 0x747e0000 of 64 bytes failed: Only part of a ReadProcessMemory or WriteProcessMemory request was completed. (0x12B)
[0428/110250.725:WARNING:pe_image_reader.cc(281)] could not read dos header from C:\WINDOWS\SysWOW64\SYSFER.DLL
[0428/110250.725:ERROR:process_reader_win.cc(233)] ReadMemory at 0x769b0000 of 64 bytes failed: Only part of a ReadProcessMemory or WriteProcessMemory request was completed. (0x12B)
[0428/110250.725:WARNING:pe_image_reader.cc(281)] could not read dos header from C:\WINDOWS\syswow64\msvcrt.dll
[0428/110250.725:ERROR:process_reader_win.cc(233)] ReadMemory at 0x747d0000 of 64 bytes failed: Only part of a ReadProcessMemory or WriteProcessMemory request was completed. (0x12B)
[0428/110250.725:WARNING:pe_image_reader.cc(281)] could not read dos header from C:\WINDOWS\system32\VERSION.dll
[0428/110250.725:ERROR:process_reader_win.cc(233)] ReadMemory at 0x6b200000 of 64 bytes failed: Only part of a ReadProcessMemory or WriteProcessMemory request was completed. (0x12B)
[0428/110250.725:WARNING:pe_image_reader.cc(281)] could not read dos header from C:\Program Files (x86)\Google\Chrome\Application\57.0.2987.133\chrome_elf.dll
[0428/110250.725:ERROR:process_reader_win.cc(233)] ReadMemory at 0x74d40000 of 64 bytes failed: Only part of a ReadProcessMemory or WriteProcessMemory request was completed. (0x12B)
[0428/110250.725:WARNING:pe_image_reader.cc(281)] could not read dos header from C:\WINDOWS\syswow64\CRYPTBASE.dll
[0428/110250.725:ERROR:process_reader_win.cc(233)] ReadMemory at 0x74d50000 of 64 bytes failed: Only part of a ReadProcessMemory or WriteProcessMemory request was completed. (0x12B)
[0428/110250.725:WARNING:pe_image_reader.cc(281)] could not read dos header from C:\WINDOWS\syswow64\SspiCli.dll
[0428/110250.725:ERROR:process_reader_win.cc(233)] ReadMemory at 0x75880000 of 64 bytes failed: Only part of a ReadProcessMemory or WriteProcessMemory request was completed. (0x12B)
[0428/110250.725:WARNING:pe_image_reader.cc(281)] could not read dos header from C:\WINDOWS\syswow64\RPCRT4.dll
[0428/110250.725:ERROR:process_reader_win.cc(233)] ReadMemory at 0x766c0000 of 64 bytes failed: Only part of a ReadProcessMemory or WriteProcessMemory request was completed. (0x12B)
[0428/110250.725:WARNING:pe_image_reader.cc(281)] could not read dos header from C:\WINDOWS\SysWOW64\sechost.dll
[0428/110250.725:ERROR:process_reader_win.cc(233)] ReadMemory at 0x76d80000 of 64 bytes failed: Only part of a ReadProcessMemory or WriteProcessMemory request was completed. (0x12B)
[0428/110250.725:WARNING:pe_image_reader.cc(281)] could not read dos header from C:\WINDOWS\syswow64\ADVAPI32.dll
[0428/110250.725:ERROR:process_reader_win.cc(233)] ReadMemory at 0x74db0000 of 64 bytes failed: Only part of a ReadProcessMemory or WriteProcessMemory request was completed. (0x12B)
[0428/110250.725:WARNING:pe_image_reader.cc(281)] could not read dos header from C:\WINDOWS\syswow64\PSAPI.DLL
[0428/110250.725:ERROR:process_reader_win.cc(233)] ReadMemory at 0x76ae0000 of 64 bytes failed: Only part of a ReadProcessMemory or WriteProcessMemory request was completed. (0x12B)
[0428/110250.725:WARNING:pe_image_reader.cc(281)] could not read dos header from C:\WINDOWS\syswow64\USER32.dll
[0428/110250.725:ERROR:process_reader_win.cc(233)] ReadMemory at 0x755a0000 of 64 bytes failed: Only part of a ReadProcessMemory or WriteProcessMemory request was completed. (0x12B)
[0428/110250.725:WARNING:pe_image_reader.cc(281)] could not read dos header from C:\WINDOWS\syswow64\USP10.dll
[0428/110250.725:ERROR:process_reader_win.cc(233)] ReadMemory at 0x769a0000 of 64 bytes failed: Only part of a ReadProcessMemory or WriteProcessMemory request was completed. (0x12B)
[0428/110250.725:WARNING:pe_image_reader.cc(281)] could not read dos header from C:\WINDOWS\syswow64\LPK.dll
[0428/110250.725:ERROR:process_reader_win.cc(233)] ReadMemory at 0x75200000 of 64 bytes failed: Only part of a ReadProcessMemory or WriteProcessMemory request was completed. (0x12B)
[0428/110250.725:WARNING:pe_image_reader.cc(281)] could not read dos header from C:\WINDOWS\syswow64\GDI32.dll
[0428/110250.725:ERROR:process_reader_win.cc(233)] ReadMemory at 0x76700000 of 64 bytes failed: Only part of a ReadProcessMemory or WriteProcessMemory request was completed. (0x12B)
[0428/110250.725:WARNING:pe_image_reader.cc(281)] could not read dos header from C:\WINDOWS\syswow64\SHLWAPI.dll
[0428/110250.725:ERROR:process_reader_win.cc(233)] ReadMemory at 0x75980000 of 64 bytes failed: Only part of a ReadProcessMemory or WriteProcessMemory request was completed. (0x12B)
[0428/110250.725:WARNING:pe_image_reader.cc(281)] could not read dos header from C:\WINDOWS\syswow64\SHELL32.dll
[0428/110250.725:ERROR:process_reader_win.cc(233)] ReadMemory at 0x74300000 of 64 bytes failed: Only part of a ReadProcessMemory or WriteProcessMemory request was completed. (0x12B)
[0428/110250.726:WARNING:pe_image_reader.cc(281)] could not read dos header from C:\WINDOWS\system32\WINMM.dll
[0428/110250.726:ERROR:process_reader_win.cc(233)] ReadMemory at 0x76ac0000 of 64 bytes failed: Only part of a ReadProcessMemory or WriteProcessMemory request was completed. (0x12B)
[0428/110250.726:WARNING:pe_image_reader.cc(281)] could not read dos header from C:\WINDOWS\syswow64\profapi.dll
[0428/110250.726:ERROR:process_reader_win.cc(233)] ReadMemory at 0x75860000 of 64 bytes failed: Only part of a ReadProcessMemory or WriteProcessMemory request was completed. (0x12B)
[0428/110250.726:WARNING:pe_image_reader.cc(281)] could not read dos header from C:\WINDOWS\syswow64\USERENV.dll
[0428/110250.726:ERROR:process_reader_win.cc(233)] ReadMemory at 0x73570000 of 64 bytes failed: Only part of a ReadProcessMemory or WriteProcessMemory request was completed. (0x12B)
[0428/110250.726:WARNING:pe_image_reader.cc(281)] could not read dos header from C:\WINDOWS\system32\webio.dll
[0428/110250.726:ERROR:process_reader_win.cc(233)] ReadMemory at 0x735c0000 of 64 bytes failed: Only part of a ReadProcessMemory or WriteProcessMemory request was completed. (0x12B)
[0428/110250.726:WARNING:pe_image_reader.cc(281)] could not read dos header from C:\WINDOWS\system32\WINHTTP.dll
[0428/110250.726:ERROR:process_reader_win.cc(233)] ReadMemory at 0x75710000 of 64 bytes failed: Only part of a ReadProcessMemory or WriteProcessMemory request was completed. (0x12B)
[0428/110250.726:WARNING:pe_image_reader.cc(281)] could not read dos header from C:\WINDOWS\syswow64\MSCTF.dll
[0428/110250.726:ERROR:process_reader_win.cc(233)] ReadMemory at 0x75800000 of 64 bytes failed: Only part of a ReadProcessMemory or WriteProcessMemory request was completed. (0x12B)
[0428/110250.726:WARNING:pe_image_reader.cc(281)] could not read dos header from C:\WINDOWS\system32\IMM32.DLL
[0428/110250.726:ERROR:process_reader_win.cc(233)] ReadMemory at 0x76f50000 of 64 bytes failed: Only part of a ReadProcessMemory or WriteProcessMemory request was completed. (0x12B)
[0428/110250.726:WARNING:pe_image_reader.cc(281)] could not read dos header from C:\WINDOWS\syswow64\ole32.dll
[0428/110250.726:ERROR:process_reader_win.cc(233)] ReadMemory at 0x753f0000 of 64 bytes failed: Only part of a ReadProcessMemory or WriteProcessMemory request was completed. (0x12B)
[0428/110250.726:WARNING:pe_image_reader.cc(281)] could not read dos header from C:\WINDOWS\syswow64\OLEAUT32.dll
[0428/110250.726:ERROR:process_reader_win.cc(233)] ReadMemory at 0x75290000 of 64 bytes failed: Only part of a ReadProcessMemory or WriteProcessMemory request was completed. (0x12B)
[0428/110250.726:WARNING:pe_image_reader.cc(281)] could not read dos header from C:\WINDOWS\syswow64\NSI.dll
[0428/110250.726:ERROR:process_reader_win.cc(233)] ReadMemory at 0x751c0000 of 64 bytes failed: Only part of a ReadProcessMemory or WriteProcessMemory request was completed. (0x12B)
[0428/110250.726:WARNING:pe_image_reader.cc(281)] could not read dos header from C:\WINDOWS\syswow64\WS2_32.dll
[0428/110250.726:ERROR:process_reader_win.cc(233)] ReadMemory at 0x743a0000 of 64 bytes failed: Only part of a ReadProcessMemory or WriteProcessMemory request was completed. (0x12B)
[0428/110250.726:WARNING:pe_image_reader.cc(281)] could not read dos header from C:\WINDOWS\WinSxS\x86_microsoft.windows.common-controls_6595b64144ccf1df_6.0.7601.18837_none_41e855142bd5705d\COMCTL32.dll
[0428/110250.726:ERROR:process_reader_win.cc(233)] ReadMemory at 0x76e80000 of 64 bytes failed: Only part of a ReadProcessMemory or WriteProcessMemory request was completed. (0x12B)
[0428/110250.726:WARNING:pe_image_reader.cc(281)] could not read dos header from C:\WINDOWS\syswow64\COMDLG32.dll
[0428/110250.726:ERROR:process_reader_win.cc(233)] ReadMemory at 0x74600000 of 64 bytes failed: Only part of a ReadProcessMemory or WriteProcessMemory request was completed. (0x12B)
[0428/110250.726:WARNING:pe_image_reader.cc(281)] could not read dos header from C:\WINDOWS\system32\dbghelp.dll
[0428/110250.726:ERROR:process_reader_win.cc(233)] ReadMemory at 0x74340000 of 64 bytes failed: Only part of a ReadProcessMemory or WriteProcessMemory request was completed. (0x12B)
[0428/110250.726:WARNING:pe_image_reader.cc(281)] could not read dos header from C:\WINDOWS\system32\WINSPOOL.DRV
[0428/110250.726:ERROR:process_reader_win.cc(233)] ReadMemory at 0x74730000 of 64 bytes failed: Only part of a ReadProcessMemory or WriteProcessMemory request was completed. (0x12B)
[0428/110250.726:WARNING:pe_image_reader.cc(281)] could not read dos header from C:\WINDOWS\system32\WINNSI.DLL
[0428/110250.726:ERROR:process_reader_win.cc(233)] ReadMemory at 0x74740000 of 64 bytes failed: Only part of a ReadProcessMemory or WriteProcessMemory request was completed. (0x12B)
[0428/110250.726:WARNING:pe_image_reader.cc(281)] could not read dos header from C:\WINDOWS\system32\IPHLPAPI.DLL
[0428/110250.726:ERROR:process_reader_win.cc(233)] ReadMemory at 0x741d0000 of 64 bytes failed: Only part of a ReadProcessMemory or WriteProcessMemory request was completed. (0x12B)
[0428/110250.727:WARNING:pe_image_reader.cc(281)] could not read dos header from C:\WINDOWS\system32\Secur32.dll
[0428/110250.727:ERROR:process_reader_win.cc(233)] ReadMemory at 0x6b3c0000 of 64 bytes failed: Only part of a ReadProcessMemory or WriteProcessMemory request was completed. (0x12B)
[0428/110250.727:WARNING:pe_image_reader.cc(281)] could not read dos header from C:\WINDOWS\system32\DWrite.dll
[0428/110250.727:ERROR:process_reader_win.cc(233)] ReadMemory at 0x6d4a0000 of 64 bytes failed: Only part of a ReadProcessMemory or WriteProcessMemory request was completed. (0x12B)
[0428/110250.727:WARNING:pe_image_reader.cc(281)] could not read dos header from C:\WINDOWS\system32\FONTSUB.dll
[0428/110250.727:ERROR:process_reader_win.cc(233)] ReadMemory at 0x752a0000 of 64 bytes failed: Only part of a ReadProcessMemory or WriteProcessMemory request was completed. (0x12B)
[0428/110250.727:WARNING:pe_image_reader.cc(281)] could not read dos header from C:\WINDOWS\syswow64\MSASN1.dll
[0428/110250.727:ERROR:process_reader_win.cc(233)] ReadMemory at 0x752b0000 of 64 bytes failed: Only part of a ReadProcessMemory or WriteProcessMemory request was completed. (0x12B)
[0428/110250.727:WARNING:pe_image_reader.cc(281)] could not read dos header from C:\WINDOWS\syswow64\CRYPT32.dll
[0428/110250.727:ERROR:process_reader_win.cc(233)] ReadMemory at 0x76a90000 of 64 bytes failed: Only part of a ReadProcessMemory or WriteProcessMemory request was completed. (0x12B)
[0428/110250.727:WARNING:pe_image_reader.cc(281)] could not read dos header from C:\WINDOWS\syswow64\WINTRUST.dll
[0428/110250.727:ERROR:process_reader_win.cc(233)] ReadMemory at 0x65810000 of 64 bytes failed: Only part of a ReadProcessMemory or WriteProcessMemory request was completed. (0x12B)
[0428/110250.727:WARNING:pe_image_reader.cc(281)] could not read dos header from C:\Program Files (x86)\Google\Chrome\Application\57.0.2987.133\chrome_child.dll
[0428/110250.727:ERROR:process_reader_win.cc(233)] ReadMemory at 0xe50000 of 64 bytes failed: Only part of a ReadProcessMemory or WriteProcessMemory request was completed. (0x12B)
[0428/110250.727:WARNING:pe_image_reader.cc(281)] could not read dos header from C:\Program Files (x86)\Google\Chrome\Application\chrome.exe
[0428/110250.727:ERROR:process_reader_win.cc(233)] ReadMemory at 0x774b0000 of 64 bytes failed: Only part of a ReadProcessMemory or WriteProcessMemory request was completed. (0x12B)
[0428/110250.727:WARNING:pe_image_reader.cc(281)] could not read dos header from C:\WINDOWS\SysWOW64\ntdll.dll
[0428/110250.727:ERROR:process_reader_win.cc(233)] ReadMemory at 0x76f00000 of 64 bytes failed: Only part of a ReadProcessMemory or WriteProcessMemory request was completed. (0x12B)
[0428/110250.727:WARNING:pe_image_reader.cc(281)] could not read dos header from C:\WINDOWS\syswow64\KERNELBASE.dll
[0428/110250.727:ERROR:process_reader_win.cc(233)] ReadMemory at 0x75490000 of 64 bytes failed: Only part of a ReadProcessMemory or WriteProcessMemory request was completed. (0x12B)
[0428/110250.727:WARNING:pe_image_reader.cc(281)] could not read dos header from C:\WINDOWS\syswow64\kernel32.dll
[0428/110250.727:ERROR:process_reader_win.cc(233)] ReadMemory at 0x747e0000 of 64 bytes failed: Only part of a ReadProcessMemory or WriteProcessMemory request was completed. (0x12B)
[0428/110250.727:WARNING:pe_image_reader.cc(281)] could not read dos header from C:\WINDOWS\SysWOW64\SYSFER.DLL
[0428/110250.727:ERROR:process_reader_win.cc(233)] ReadMemory at 0x769b0000 of 64 bytes failed: Only part of a ReadProcessMemory or WriteProcessMemory request was completed. (0x12B)
[0428/110250.727:WARNING:pe_image_reader.cc(281)] could not read dos header from C:\WINDOWS\syswow64\msvcrt.dll
[0428/110250.727:ERROR:process_reader_win.cc(233)] ReadMemory at 0x747d0000 of 64 bytes failed: Only part of a ReadProcessMemory or WriteProcessMemory request was completed. (0x12B)
[0428/110250.727:WARNING:pe_image_reader.cc(281)] could not read dos header from C:\WINDOWS\system32\VERSION.dll
[0428/110250.727:ERROR:process_reader_win.cc(233)] ReadMemory at 0x6b200000 of 64 bytes failed: Only part of a ReadProcessMemory or WriteProcessMemory request was completed. (0x12B)
[0428/110250.727:WARNING:pe_image_reader.cc(281)] could not read dos header from C:\Program Files (x86)\Google\Chrome\Application\57.0.2987.133\chrome_elf.dll
[0428/110250.727:ERROR:process_reader_win.cc(233)] ReadMemory at 0x74d40000 of 64 bytes failed: Only part of a ReadProcessMemory or WriteProcessMemory request was completed. (0x12B)
[0428/110250.727:WARNING:pe_image_reader.cc(281)] could not read dos header from C:\WINDOWS\syswow64\CRYPTBASE.dll
[0428/110250.727:ERROR:process_reader_win.cc(233)] ReadMemory at 0x74d50000 of 64 bytes failed: Only part of a ReadProcessMemory or WriteProcessMemory request was completed. (0x12B)
[0428/110250.727:WARNING:pe_image_reader.cc(281)] could not read dos header from C:\WINDOWS\syswow64\SspiCli.dll
[0428/110250.727:ERROR:process_reader_win.cc(233)] ReadMemory at 0x75880000 of 64 bytes failed: Only part of a ReadProcessMemory or WriteProcessMemory request was completed. (0x12B)
[0428/110250.727:WARNING:pe_image_reader.cc(281)] could not read dos header from C:\WINDOWS\syswow64\RPCRT4.dll
[0428/110250.727:ERROR:process_reader_win.cc(233)] ReadMemory at 0x766c0000 of 64 bytes failed: Only part of a ReadProcessMemory or WriteProcessMemory request was completed. (0x12B)
[0428/110250.728:WARNING:pe_image_reader.cc(281)] could not read dos header from C:\WINDOWS\SysWOW64\sechost.dll
[0428/110250.728:ERROR:process_reader_win.cc(233)] ReadMemory at 0x76d80000 of 64 bytes failed: Only part of a ReadProcessMemory or WriteProcessMemory request was completed. (0x12B)
[0428/110250.728:WARNING:pe_image_reader.cc(281)] could not read dos header from C:\WINDOWS\syswow64\ADVAPI32.dll
[0428/110250.728:ERROR:process_reader_win.cc(233)] ReadMemory at 0x74db0000 of 64 bytes failed: Only part of a ReadProcessMemory or WriteProcessMemory request was completed. (0x12B)
[0428/110250.728:WARNING:pe_image_reader.cc(281)] could not read dos header from C:\WINDOWS\syswow64\PSAPI.DLL
[0428/110250.728:ERROR:process_reader_win.cc(233)] ReadMemory at 0x76ae0000 of 64 bytes failed: Only part of a ReadProcessMemory or WriteProcessMemory request was completed. (0x12B)
[0428/110250.728:WARNING:pe_image_reader.cc(281)] could not read dos header from C:\WINDOWS\syswow64\USER32.dll
[0428/110250.728:ERROR:process_reader_win.cc(233)] ReadMemory at 0x755a0000 of 64 bytes failed: Only part of a ReadProcessMemory or WriteProcessMemory request was completed. (0x12B)
[0428/110250.728:WARNING:pe_image_reader.cc(281)] could not read dos header from C:\WINDOWS\syswow64\USP10.dll
[0428/110250.728:ERROR:process_reader_win.cc(233)] ReadMemory at 0x769a0000 of 64 bytes failed: Only part of a ReadProcessMemory or WriteProcessMemory request was completed. (0x12B)
[0428/110250.728:WARNING:pe_image_reader.cc(281)] could not read dos header from C:\WINDOWS\syswow64\LPK.dll
[0428/110250.728:ERROR:process_reader_win.cc(233)] ReadMemory at 0x75200000 of 64 bytes failed: Only part of a ReadProcessMemory or WriteProcessMemory request was completed. (0x12B)
[0428/110250.728:WARNING:pe_image_reader.cc(281)] could not read dos header from C:\WINDOWS\syswow64\GDI32.dll
[0428/110250.728:ERROR:process_reader_win.cc(233)] ReadMemory at 0x76700000 of 64 bytes failed: Only part of a ReadProcessMemory or WriteProcessMemory request was completed. (0x12B)
[0428/110250.728:WARNING:pe_image_reader.cc(281)] could not read dos header from C:\WINDOWS\syswow64\SHLWAPI.dll
[0428/110250.728:ERROR:process_reader_win.cc(233)] ReadMemory at 0x75980000 of 64 bytes failed: Only part of a ReadProcessMemory or WriteProcessMemory request was completed. (0x12B)
[0428/110250.728:WARNING:pe_image_reader.cc(281)] could not read dos header from C:\WINDOWS\syswow64\SHELL32.dll
[0428/110250.728:ERROR:process_reader_win.cc(233)] ReadMemory at 0x74300000 of 64 bytes failed: Only part of a ReadProcessMemory or WriteProcessMemory request was completed. (0x12B)
[0428/110250.728:WARNING:pe_image_reader.cc(281)] could not read dos header from C:\WINDOWS\system32\WINMM.dll
[0428/110250.728:ERROR:process_reader_win.cc(233)] ReadMemory at 0x76ac0000 of 64 bytes failed: Only part of a ReadProcessMemory or WriteProcessMemory request was completed. (0x12B)
[0428/110250.728:WARNING:pe_image_reader.cc(281)] could not read dos header from C:\WINDOWS\syswow64\profapi.dll
[0428/110250.728:ERROR:process_reader_win.cc(233)] ReadMemory at 0x75860000 of 64 bytes failed: Only part of a ReadProcessMemory or WriteProcessMemory request was completed. (0x12B)
[0428/110250.728:WARNING:pe_image_reader.cc(281)] could not read dos header from C:\WINDOWS\syswow64\USERENV.dll
[0428/110250.728:ERROR:process_reader_win.cc(233)] ReadMemory at 0x73570000 of 64 bytes failed: Only part of a ReadProcessMemory or WriteProcessMemory request was completed. (0x12B)
[0428/110250.728:WARNING:pe_image_reader.cc(281)] could not read dos header from C:\WINDOWS\system32\webio.dll
[0428/110250.728:ERROR:process_reader_win.cc(233)] ReadMemory at 0x735c0000 of 64 bytes failed: Only part of a ReadProcessMemory or WriteProcessMemory request was completed. (0x12B)
[0428/110250.728:WARNING:pe_image_reader.cc(281)] could not read dos header from C:\WINDOWS\system32\WINHTTP.dll
[0428/110250.728:ERROR:process_reader_win.cc(233)] ReadMemory at 0x75710000 of 64 bytes failed: Only part of a ReadProcessMemory or WriteProcessMemory request was completed. (0x12B)
[0428/110250.728:WARNING:pe_image_reader.cc(281)] could not read dos header from C:\WINDOWS\syswow64\MSCTF.dll
[0428/110250.728:ERROR:process_reader_win.cc(233)] ReadMemory at 0x75800000 of 64 bytes failed: Only part of a ReadProcessMemory or WriteProcessMemory request was completed. (0x12B)
[0428/110250.728:WARNING:pe_image_reader.cc(281)] could not read dos header from C:\WINDOWS\system32\IMM32.DLL
[0428/110250.728:ERROR:process_reader_win.cc(233)] ReadMemory at 0x76f50000 of 64 bytes failed: Only part of a ReadProcessMemory or WriteProcessMemory request was completed. (0x12B)
[0428/110250.728:WARNING:pe_image_reader.cc(281)] could not read dos header from C:\WINDOWS\syswow64\ole32.dll
[0428/110250.729:ERROR:process_reader_win.cc(233)] ReadMemory at 0x753f0000 of 64 bytes failed: Only part of a ReadProcessMemory or WriteProcessMemory request was completed. (0x12B)
[0428/110250.729:WARNING:pe_image_reader.cc(281)] could not read dos header from C:\WINDOWS\syswow64\OLEAUT32.dll
[0428/110250.729:ERROR:process_reader_win.cc(233)] ReadMemory at 0x75290000 of 64 bytes failed: Only part of a ReadProcessMemory or WriteProcessMemory request was completed. (0x12B)
[0428/110250.729:WARNING:pe_image_reader.cc(281)] could not read dos header from C:\WINDOWS\syswow64\NSI.dll
[0428/110250.729:ERROR:process_reader_win.cc(233)] ReadMemory at 0x751c0000 of 64 bytes failed: Only part of a ReadProcessMemory or WriteProcessMemory request was completed. (0x12B)
[0428/110250.729:WARNING:pe_image_reader.cc(281)] could not read dos header from C:\WINDOWS\syswow64\WS2_32.dll
[0428/110250.729:ERROR:process_reader_win.cc(233)] ReadMemory at 0x743a0000 of 64 bytes failed: Only part of a ReadProcessMemory or WriteProcessMemory request was completed. (0x12B)
[0428/110250.729:WARNING:pe_image_reader.cc(281)] could not read dos header from C:\WINDOWS\WinSxS\x86_microsoft.windows.common-controls_6595b64144ccf1df_6.0.7601.18837_none_41e855142bd5705d\COMCTL32.dll
[0428/110250.729:ERROR:process_reader_win.cc(233)] ReadMemory at 0x76e80000 of 64 bytes failed: Only part of a ReadProcessMemory or WriteProcessMemory request was completed. (0x12B)
[0428/110250.729:WARNING:pe_image_reader.cc(281)] could not read dos header from C:\WINDOWS\syswow64\COMDLG32.dll
[0428/110250.729:ERROR:process_reader_win.cc(233)] ReadMemory at 0x74600000 of 64 bytes failed: Only part of a ReadProcessMemory or WriteProcessMemory request was completed. (0x12B)
[0428/110250.729:WARNING:pe_image_reader.cc(281)] could not read dos header from C:\WINDOWS\system32\dbghelp.dll
[0428/110250.729:ERROR:process_reader_win.cc(233)] ReadMemory at 0x74340000 of 64 bytes failed: Only part of a ReadProcessMemory or WriteProcessMemory request was completed. (0x12B)
[0428/110250.729:WARNING:pe_image_reader.cc(281)] could not read dos header from C:\WINDOWS\system32\WINSPOOL.DRV
[0428/110250.729:ERROR:process_reader_win.cc(233)] ReadMemory at 0x74730000 of 64 bytes failed: Only part of a ReadProcessMemory or WriteProcessMemory request was completed. (0x12B)
[0428/110250.729:WARNING:pe_image_reader.cc(281)] could not read dos header from C:\WINDOWS\system32\WINNSI.DLL
[0428/110250.729:ERROR:process_reader_win.cc(233)] ReadMemory at 0x74740000 of 64 bytes failed: Only part of a ReadProcessMemory or WriteProcessMemory request was completed. (0x12B)
[0428/110250.729:WARNING:pe_image_reader.cc(281)] could not read dos header from C:\WINDOWS\system32\IPHLPAPI.DLL
[0428/110250.729:ERROR:process_reader_win.cc(233)] ReadMemory at 0x741d0000 of 64 bytes failed: Only part of a ReadProcessMemory or WriteProcessMemory request was completed. (0x12B)
[0428/110250.729:WARNING:pe_image_reader.cc(281)] could not read dos header from C:\WINDOWS\system32\Secur32.dll
[0428/110250.729:ERROR:process_reader_win.cc(233)] ReadMemory at 0x6b3c0000 of 64 bytes failed: Only part of a ReadProcessMemory or WriteProcessMemory request was completed. (0x12B)
[0428/110250.729:WARNING:pe_image_reader.cc(281)] could not read dos header from C:\WINDOWS\system32\DWrite.dll
[0428/110250.729:ERROR:process_reader_win.cc(233)] ReadMemory at 0x6d4a0000 of 64 bytes failed: Only part of a ReadProcessMemory or WriteProcessMemory request was completed. (0x12B)
[0428/110250.729:WARNING:pe_image_reader.cc(281)] could not read dos header from C:\WINDOWS\system32\FONTSUB.dll
[0428/110250.729:ERROR:process_reader_win.cc(233)] ReadMemory at 0x752a0000 of 64 bytes failed: Only part of a ReadProcessMemory or WriteProcessMemory request was completed. (0x12B)
[0428/110250.729:WARNING:pe_image_reader.cc(281)] could not read dos header from C:\WINDOWS\syswow64\MSASN1.dll
[0428/110250.729:ERROR:process_reader_win.cc(233)] ReadMemory at 0x752b0000 of 64 bytes failed: Only part of a ReadProcessMemory or WriteProcessMemory request was completed. (0x12B)
[0428/110250.729:WARNING:pe_image_reader.cc(281)] could not read dos header from C:\WINDOWS\syswow64\CRYPT32.dll
[0428/110250.729:ERROR:process_reader_win.cc(233)] ReadMemory at 0x76a90000 of 64 bytes failed: Only part of a ReadProcessMemory or WriteProcessMemory request was completed. (0x12B)
[0428/110250.729:WARNING:pe_image_reader.cc(281)] could not read dos header from C:\WINDOWS\syswow64\WINTRUST.dll
[0428/110250.729:ERROR:process_reader_win.cc(233)] ReadMemory at 0x65810000 of 64 bytes failed: Only part of a ReadProcessMemory or WriteProcessMemory request was completed. (0x12B)
[0428/110250.729:WARNING:pe_image_reader.cc(281)] could not read dos header from C:\Program Files (x86)\Google\Chrome\Application\57.0.2987.133\chrome_child.dll
[0428/110250.729:ERROR:process_reader_win.cc(233)] ReadMemory at 0xe50000 of 64 bytes failed: Only part of a ReadProcessMemory or WriteProcessMemory request was completed. (0x12B)
[0428/110250.729:WARNING:pe_image_reader.cc(281)] could not read dos header from C:\Program Files (x86)\Google\Chrome\Application\chrome.exe
[0428/110250.729:ERROR:process_reader_win.cc(233)] ReadMemory at 0x774b0000 of 64 bytes failed: Only part of a ReadProcessMemory or WriteProcessMemory request was completed. (0x12B)
[0428/110250.729:WARNING:pe_image_reader.cc(281)] could not read dos header from C:\WINDOWS\SysWOW64\ntdll.dll
[0428/110250.730:ERROR:process_reader_win.cc(233)] ReadMemory at 0x76f00000 of 64 bytes failed: Only part of a ReadProcessMemory or WriteProcessMemory request was completed. (0x12B)
[0428/110250.730:WARNING:pe_image_reader.cc(281)] could not read dos header from C:\WINDOWS\syswow64\KERNELBASE.dll
[0428/110250.730:ERROR:process_reader_win.cc(233)] ReadMemory at 0x75490000 of 64 bytes failed: Only part of a ReadProcessMemory or WriteProcessMemory request was completed. (0x12B)
[0428/110250.730:WARNING:pe_image_reader.cc(281)] could not read dos header from C:\WINDOWS\syswow64\kernel32.dll
[0428/110250.730:ERROR:process_reader_win.cc(233)] ReadMemory at 0x747e0000 of 64 bytes failed: Only part of a ReadProcessMemory or WriteProcessMemory request was completed. (0x12B)
[0428/110250.730:WARNING:pe_image_reader.cc(281)] could not read dos header from C:\WINDOWS\SysWOW64\SYSFER.DLL
[0428/110250.730:ERROR:process_reader_win.cc(233)] ReadMemory at 0x769b0000 of 64 bytes failed: Only part of a ReadProcessMemory or WriteProcessMemory request was completed. (0x12B)
[0428/110250.730:WARNING:pe_image_reader.cc(281)] could not read dos header from C:\WINDOWS\syswow64\msvcrt.dll
[0428/110250.730:ERROR:process_reader_win.cc(233)] ReadMemory at 0x747d0000 of 64 bytes failed: Only part of a ReadProcessMemory or WriteProcessMemory request was completed. (0x12B)
[0428/110250.730:WARNING:pe_image_reader.cc(281)] could not read dos header from C:\WINDOWS\system32\VERSION.dll
[0428/110250.730:ERROR:process_reader_win.cc(233)] ReadMemory at 0x6b200000 of 64 bytes failed: Only part of a ReadProcessMemory or WriteProcessMemory request was completed. (0x12B)
[0428/110250.730:WARNING:pe_image_reader.cc(281)] could not read dos header from C:\Program Files (x86)\Google\Chrome\Application\57.0.2987.133\chrome_elf.dll
[0428/110250.730:ERROR:process_reader_win.cc(233)] ReadMemory at 0x74d40000 of 64 bytes failed: Only part of a ReadProcessMemory or WriteProcessMemory request was completed. (0x12B)
[0428/110250.730:WARNING:pe_image_reader.cc(281)] could not read dos header from C:\WINDOWS\syswow64\CRYPTBASE.dll
[0428/110250.730:ERROR:process_reader_win.cc(233)] ReadMemory at 0x74d50000 of 64 bytes failed: Only part of a ReadProcessMemory or WriteProcessMemory request was completed. (0x12B)
[0428/110250.730:WARNING:pe_image_reader.cc(281)] could not read dos header from C:\WINDOWS\syswow64\SspiCli.dll
[0428/110250.730:ERROR:process_reader_win.cc(233)] ReadMemory at 0x75880000 of 64 bytes failed: Only part of a ReadProcessMemory or WriteProcessMemory request was completed. (0x12B)
[0428/110250.730:WARNING:pe_image_reader.cc(281)] could not read dos header from C:\WINDOWS\syswow64\RPCRT4.dll
[0428/110250.730:ERROR:process_reader_win.cc(233)] ReadMemory at 0x766c0000 of 64 bytes failed: Only part of a ReadProcessMemory or WriteProcessMemory request was completed. (0x12B)
[0428/110250.730:WARNING:pe_image_reader.cc(281)] could not read dos header from C:\WINDOWS\SysWOW64\sechost.dll
[0428/110250.730:ERROR:process_reader_win.cc(233)] ReadMemory at 0x76d80000 of 64 bytes failed: Only part of a ReadProcessMemory or WriteProcessMemory request was completed. (0x12B)
[0428/110250.730:WARNING:pe_image_reader.cc(281)] could not read dos header from C:\WINDOWS\syswow64\ADVAPI32.dll
[0428/110250.730:ERROR:process_reader_win.cc(233)] ReadMemory at 0x74db0000 of 64 bytes failed: Only part of a ReadProcessMemory or WriteProcessMemory request was completed. (0x12B)
[0428/110250.730:WARNING:pe_image_reader.cc(281)] could not read dos header from C:\WINDOWS\syswow64\PSAPI.DLL
[0428/110250.730:ERROR:process_reader_win.cc(233)] ReadMemory at 0x76ae0000 of 64 bytes failed: Only part of a ReadProcessMemory or WriteProcessMemory request was completed. (0x12B)
[0428/110250.730:WARNING:pe_image_reader.cc(281)] could not read dos header from C:\WINDOWS\syswow64\USER32.dll
[0428/110250.730:ERROR:process_reader_win.cc(233)] ReadMemory at 0x755a0000 of 64 bytes failed: Only part of a ReadProcessMemory or WriteProcessMemory request was completed. (0x12B)
[0428/110250.730:WARNING:pe_image_reader.cc(281)] could not read dos header from C:\WINDOWS\syswow64\USP10.dll
[0428/110250.730:ERROR:process_reader_win.cc(233)] ReadMemory at 0x769a0000 of 64 bytes failed: Only part of a ReadProcessMemory or WriteProcessMemory request was completed. (0x12B)
[0428/110250.730:WARNING:pe_image_reader.cc(281)] could not read dos header from C:\WINDOWS\syswow64\LPK.dll
[0428/110250.730:ERROR:process_reader_win.cc(233)] ReadMemory at 0x75200000 of 64 bytes failed: Only part of a ReadProcessMemory or WriteProcessMemory request was completed. (0x12B)
[0428/110250.730:WARNING:pe_image_reader.cc(281)] could not read dos header from C:\WINDOWS\syswow64\GDI32.dll
[0428/110250.730:ERROR:process_reader_win.cc(233)] ReadMemory at 0x76700000 of 64 bytes failed: Only part of a ReadProcessMemory or WriteProcessMemory request was completed. (0x12B)
[0428/110250.730:WARNING:pe_image_reader.cc(281)] could not read dos header from C:\WINDOWS\syswow64\SHLWAPI.dll
[0428/110250.730:ERROR:process_reader_win.cc(233)] ReadMemory at 0x75980000 of 64 bytes failed: Only part of a ReadProcessMemory or WriteProcessMemory request was completed. (0x12B)
[0428/110250.730:WARNING:pe_image_reader.cc(281)] could not read dos header from C:\WINDOWS\syswow64\SHELL32.dll
[0428/110250.730:ERROR:process_reader_win.cc(233)] ReadMemory at 0x74300000 of 64 bytes failed: Only part of a ReadProcessMemory or WriteProcessMemory request was completed. (0x12B)
[0428/110250.731:WARNING:pe_image_reader.cc(281)] could not read dos header from C:\WINDOWS\system32\WINMM.dll
[0428/110250.731:ERROR:process_reader_win.cc(233)] ReadMemory at 0x76ac0000 of 64 bytes failed: Only part of a ReadProcessMemory or WriteProcessMemory request was completed. (0x12B)
[0428/110250.731:WARNING:pe_image_reader.cc(281)] could not read dos header from C:\WINDOWS\syswow64\profapi.dll
[0428/110250.731:ERROR:process_reader_win.cc(233)] ReadMemory at 0x75860000 of 64 bytes failed: Only part of a ReadProcessMemory or WriteProcessMemory request was completed. (0x12B)
[0428/110250.731:WARNING:pe_image_reader.cc(281)] could not read dos header from C:\WINDOWS\syswow64\USERENV.dll
[0428/110250.731:ERROR:process_reader_win.cc(233)] ReadMemory at 0x73570000 of 64 bytes failed: Only part of a ReadProcessMemory or WriteProcessMemory request was completed. (0x12B)
[0428/110250.731:WARNING:pe_image_reader.cc(281)] could not read dos header from C:\WINDOWS\system32\webio.dll
[0428/110250.731:ERROR:process_reader_win.cc(233)] ReadMemory at 0x735c0000 of 64 bytes failed: Only part of a ReadProcessMemory or WriteProcessMemory request was completed. (0x12B)
[0428/110250.731:WARNING:pe_image_reader.cc(281)] could not read dos header from C:\WINDOWS\system32\WINHTTP.dll
[0428/110250.731:ERROR:process_reader_win.cc(233)] ReadMemory at 0x75710000 of 64 bytes failed: Only part of a ReadProcessMemory or WriteProcessMemory request was completed. (0x12B)
[0428/110250.731:WARNING:pe_image_reader.cc(281)] could not read dos header from C:\WINDOWS\syswow64\MSCTF.dll
[0428/110250.731:ERROR:process_reader_win.cc(233)] ReadMemory at 0x75800000 of 64 bytes failed: Only part of a ReadProcessMemory or WriteProcessMemory request was completed. (0x12B)
[0428/110250.731:WARNING:pe_image_reader.cc(281)] could not read dos header from C:\WINDOWS\system32\IMM32.DLL
[0428/110250.731:ERROR:process_reader_win.cc(233)] ReadMemory at 0x76f50000 of 64 bytes failed: Only part of a ReadProcessMemory or WriteProcessMemory request was completed. (0x12B)
[0428/110250.731:WARNING:pe_image_reader.cc(281)] could not read dos header from C:\WINDOWS\syswow64\ole32.dll
[0428/110250.731:ERROR:process_reader_win.cc(233)] ReadMemory at 0x753f0000 of 64 bytes failed: Only part of a ReadProcessMemory or WriteProcessMemory request was completed. (0x12B)
[0428/110250.731:WARNING:pe_image_reader.cc(281)] could not read dos header from C:\WINDOWS\syswow64\OLEAUT32.dll
[0428/110250.731:ERROR:process_reader_win.cc(233)] ReadMemory at 0x75290000 of 64 bytes failed: Only part of a ReadProcessMemory or WriteProcessMemory request was completed. (0x12B)
[0428/110250.731:WARNING:pe_image_reader.cc(281)] could not read dos header from C:\WINDOWS\syswow64\NSI.dll
[0428/110250.731:ERROR:process_reader_win.cc(233)] ReadMemory at 0x751c0000 of 64 bytes failed: Only part of a ReadProcessMemory or WriteProcessMemory request was completed. (0x12B)
[0428/110250.731:WARNING:pe_image_reader.cc(281)] could not read dos header from C:\WINDOWS\syswow64\WS2_32.dll
[0428/110250.731:ERROR:process_reader_win.cc(233)] ReadMemory at 0x743a0000 of 64 bytes failed: Only part of a ReadProcessMemory or WriteProcessMemory request was completed. (0x12B)
[0428/110250.731:WARNING:pe_image_reader.cc(281)] could not read dos header from C:\WINDOWS\WinSxS\x86_microsoft.windows.common-controls_6595b64144ccf1df_6.0.7601.18837_none_41e855142bd5705d\COMCTL32.dll
[0428/110250.731:ERROR:process_reader_win.cc(233)] ReadMemory at 0x76e80000 of 64 bytes failed: Only part of a ReadProcessMemory or WriteProcessMemory request was completed. (0x12B)
[0428/110250.731:WARNING:pe_image_reader.cc(281)] could not read dos header from C:\WINDOWS\syswow64\COMDLG32.dll
[0428/110250.731:ERROR:process_reader_win.cc(233)] ReadMemory at 0x74600000 of 64 bytes failed: Only part of a ReadProcessMemory or WriteProcessMemory request was completed. (0x12B)
[0428/110250.731:WARNING:pe_image_reader.cc(281)] could not read dos header from C:\WINDOWS\system32\dbghelp.dll
[0428/110250.731:ERROR:process_reader_win.cc(233)] ReadMemory at 0x74340000 of 64 bytes failed: Only part of a ReadProcessMemory or WriteProcessMemory request was completed. (0x12B)
[0428/110250.731:WARNING:pe_image_reader.cc(281)] could not read dos header from C:\WINDOWS\system32\WINSPOOL.DRV
[0428/110250.731:ERROR:process_reader_win.cc(233)] ReadMemory at 0x74730000 of 64 bytes failed: Only part of a ReadProcessMemory or WriteProcessMemory request was completed. (0x12B)
[0428/110250.731:WARNING:pe_image_reader.cc(281)] could not read dos header from C:\WINDOWS\system32\WINNSI.DLL
[0428/110250.731:ERROR:process_reader_win.cc(233)] ReadMemory at 0x74740000 of 64 bytes failed: Only part of a ReadProcessMemory or WriteProcessMemory request was completed. (0x12B)
[0428/110250.731:WARNING:pe_image_reader.cc(281)] could not read dos header from C:\WINDOWS\system32\IPHLPAPI.DLL
[0428/110250.731:ERROR:process_reader_win.cc(233)] ReadMemory at 0x741d0000 of 64 bytes failed: Only part of a ReadProcessMemory or WriteProcessMemory request was completed. (0x12B)
[0428/110250.731:WARNING:pe_image_reader.cc(281)] could not read dos header from C:\WINDOWS\system32\Secur32.dll
[0428/110250.731:ERROR:process_reader_win.cc(233)] ReadMemory at 0x6b3c0000 of 64 bytes failed: Only part of a ReadProcessMemory or WriteProcessMemory request was completed. (0x12B)
[0428/110250.731:WARNING:pe_image_reader.cc(281)] could not read dos header from C:\WINDOWS\system32\DWrite.dll
[0428/110250.731:ERROR:process_reader_win.cc(233)] ReadMemory at 0x6d4a0000 of 64 bytes failed: Only part of a ReadProcessMemory or WriteProcessMemory request was completed. (0x12B)
[0428/110250.732:WARNING:pe_image_reader.cc(281)] could not read dos header from C:\WINDOWS\system32\FONTSUB.dll
[0428/110250.732:ERROR:process_reader_win.cc(233)] ReadMemory at 0x752a0000 of 64 bytes failed: Only part of a ReadProcessMemory or WriteProcessMemory request was completed. (0x12B)
[0428/110250.732:WARNING:pe_image_reader.cc(281)] could not read dos header from C:\WINDOWS\syswow64\MSASN1.dll
[0428/110250.732:ERROR:process_reader_win.cc(233)] ReadMemory at 0x752b0000 of 64 bytes failed: Only part of a ReadProcessMemory or WriteProcessMemory request was completed. (0x12B)
[0428/110250.732:WARNING:pe_image_reader.cc(281)] could not read dos header from C:\WINDOWS\syswow64\CRYPT32.dll
[0428/110250.732:ERROR:process_reader_win.cc(233)] ReadMemory at 0x76a90000 of 64 bytes failed: Only part of a ReadProcessMemory or WriteProcessMemory request was completed. (0x12B)
[0428/110250.732:WARNING:pe_image_reader.cc(281)] could not read dos header from C:\WINDOWS\syswow64\WINTRUST.dll
[0428/110250.732:ERROR:process_reader_win.cc(233)] ReadMemory at 0x65810000 of 64 bytes failed: Only part of a ReadProcessMemory or WriteProcessMemory request was completed. (0x12B)
[0428/110250.732:WARNING:pe_image_reader.cc(281)] could not read dos header from C:\Program Files (x86)\Google\Chrome\Application\57.0.2987.133\chrome_child.dll
[0428/110250.754:ERROR:process_reader_win.cc(233)] ReadMemory at 0x343000 of 53248 bytes failed: Only part of a ReadProcessMemory or WriteProcessMemory request was completed. (0x12B)
[0428/110250.754:ERROR:crash_report_exception_handler.cc(111)] WriteEverything failed
[0428/110250.756:ERROR:scoped_process_suspend.cc(38)] NtResumeProcess: An attempt was made to access an exiting process.  (0xc000010a)
[0428/124302.518:ERROR:process_reader_win.cc(142)] SuspendThread: Access is denied. (0x5)
[0428/124302.533:ERROR:exception_snapshot_win.cc(87)] thread ID 21836 not found in process
[0428/124302.533:WARNING:crash_report_exception_handler.cc(60)] ProcessSnapshotWin::Initialize failed
[0428/124302.533:ERROR:scoped_process_suspend.cc(38)] NtResumeProcess: An attempt was made to access an exiting process.  (0xc000010a)
[0502/124701.250:ERROR:process_reader_win.cc(114)] NtOpenThread: {Access Denied} A process has requested access to an object, but has not been granted those access rights.  (0xc0000022)
[0502/124701.295:ERROR:exception_snapshot_win.cc(87)] thread ID 13756 not found in process
[0502/124701.295:WARNING:crash_report_exception_handler.cc(60)] ProcessSnapshotWin::Initialize failed
[0502/124701.671:ERROR:process_reader_win.cc(114)] NtOpenThread: {Access Denied} A process has requested access to an object, but has not been granted those access rights.  (0xc0000022)
[0502/124701.686:ERROR:exception_snapshot_win.cc(87)] thread ID 8040 not found in process
[0502/124701.686:WARNING:crash_report_exception_handler.cc(60)] ProcessSnapshotWin::Initialize failed
